0 info it worked if it ends with ok
1 verbose cli [ 'C:\\Program Files\\nodejs\\node.exe',
1 verbose cli   'C:\\Program Files\\nodejs\\node_modules\\npm\\bin\\npm-cli.js',
1 verbose cli   'run',
1 verbose cli   'lint' ]
2 info using npm@3.3.12
3 info using node@v5.3.0
4 verbose run-script [ 'prelint', 'lint', 'postlint' ]
5 info lifecycle so-chatbot@0.2.0~prelint: so-chatbot@0.2.0
6 silly lifecycle so-chatbot@0.2.0~prelint: no script for prelint, continuing
7 info lifecycle so-chatbot@0.2.0~lint: so-chatbot@0.2.0
8 verbose lifecycle so-chatbot@0.2.0~lint: unsafe-perm in lifecycle true
9 verbose lifecycle so-chatbot@0.2.0~lint: PATH: C:\Program Files\nodejs\node_modules\npm\bin\node-gyp-bin;C:\Users\Me\dev\SO-ChatBot\node_modules\.bin;C:\Users\Me\Documents\cmder\bin;C:\Users\Me\Documents\cmder\vendor\git-for-windows\bin;C:\Users\Me\Documents\cmder\vendor\git-for-windows\usr\bin;C:\Users\Me\Documents\cmder\vendor\git-for-windows\share\vim\vim74;C:\Users\Me\Documents\cmder\vendor\conemu-maximus5;C:\Users\Me\Documents\cmder\vendor\conemu-maximus5\ConEmu;C:\ProgramData\Oracle\Java\javapath;C:\Windows\system32;C:\Windows;C:\Windows\System32\Wbem;C:\Windows\System32\WindowsPowerShell\v1.0\;C:\Sysinternals;C:\Program Files (x86)\NVIDIA Corporation\PhysX\Common;C:\Program Files\010 Editor;C:\Program Files\nodejs\;C:\WINDOWS\system32;C:\WINDOWS;C:\WINDOWS\System32\Wbem;C:\WINDOWS\System32\WindowsPowerShell\v1.0\;C:\Users\Me\AppData\Roaming\npm;C:\Users\Me\Documents\cmder;C:\Users\Me\Documents\cmder\vendor\git-for-windows\mingw32\bin;C:\Users\Me\Documents\emacs\bin;C:\Ruby22-x64\bin;C:\Users\Me\AppData\Roaming\npm; C:\Users\Me\Documents\cmder; C:\Users\Me\Documents\cmder\vendor\git-for-windows\mingw32\bin; C:\Users\Me\Documents\emacs\bin;C:\Program Files (x86)\Microsoft VS Code\bin;C:\Users\Me\Documents\cmder
10 verbose lifecycle so-chatbot@0.2.0~lint: CWD: C:\Users\Me\dev\SO-ChatBot
11 silly lifecycle so-chatbot@0.2.0~lint: Args: [ '/d /s /c', 'eslint source' ]
12 silly lifecycle so-chatbot@0.2.0~lint: Returned: code: 1  signal: null
13 info lifecycle so-chatbot@0.2.0~lint: Failed to exec lint script
14 verbose stack Error: so-chatbot@0.2.0 lint: `eslint source`
14 verbose stack Exit status 1
14 verbose stack     at EventEmitter.<anonymous> (C:\Program Files\nodejs\node_modules\npm\lib\utils\lifecycle.js:232:16)
14 verbose stack     at emitTwo (events.js:87:13)
14 verbose stack     at EventEmitter.emit (events.js:172:7)
14 verbose stack     at ChildProcess.<anonymous> (C:\Program Files\nodejs\node_modules\npm\lib\utils\spawn.js:24:14)
14 verbose stack     at emitTwo (events.js:87:13)
14 verbose stack     at ChildProcess.emit (events.js:172:7)
14 verbose stack     at maybeClose (internal/child_process.js:818:16)
14 verbose stack     at Process.ChildProcess._handle.onexit (internal/child_process.js:211:5)
15 verbose pkgid so-chatbot@0.2.0
16 verbose cwd C:\Users\Me\dev\SO-ChatBot
17 error Windows_NT 10.0.10586
18 error argv "C:\\Program Files\\nodejs\\node.exe" "C:\\Program Files\\nodejs\\node_modules\\npm\\bin\\npm-cli.js" "run" "lint"
19 error node v5.3.0
20 error npm  v3.3.12
21 error code ELIFECYCLE
22 error so-chatbot@0.2.0 lint: `eslint source`
22 error Exit status 1
23 error Failed at the so-chatbot@0.2.0 lint script 'eslint source'.
23 error Make sure you have the latest version of node.js and npm installed.
23 error If you do, this is most likely a problem with the so-chatbot package,
23 error not with npm itself.
23 error Tell the author that this fails on your system:
23 error     eslint source
23 error You can get their info via:
23 error     npm owner ls so-chatbot
23 error There is likely additional logging output above.
24 verbose exit [ 1, true ]
